<?xml version="1.0" encoding="UTF-8"?>
<!-- Generated by org.testng.reporters.JUnitReportReporter -->
<testsuite hostname="del1-lhp-n78160" failures="0" tests="8" name="cucumberRunner.TestNGTestRunner" time="106.336" errors="0" timestamp="2022-12-25T11:28:41 IST" skipped="0">
  <testcase classname="cucumberRunner.TestNGTestRunner" name="runScenario" time="16.356"/>
  <system-out/>
  <testcase classname="cucumberRunner.TestNGTestRunner" name="runScenario" time="12.524"/>
  <system-out/>
  <testcase classname="cucumberRunner.TestNGTestRunner" name="runScenario" time="11.884"/>
  <system-out/>
  <testcase classname="cucumberRunner.TestNGTestRunner" name="runScenario" time="17.572"/>
  <system-out/>
  <testcase classname="cucumberRunner.TestNGTestRunner" name="runScenario" time="11.782"/>
  <system-out/>
  <testcase classname="cucumberRunner.TestNGTestRunner" name="runScenario" time="15.038"/>
  <system-out/>
  <testcase classname="cucumberRunner.TestNGTestRunner" name="runScenario" time="11.141"/>
  <system-out/>
  <testcase classname="cucumberRunner.TestNGTestRunner" name="runScenario" time="10.039"/>
  <system-out/>
</testsuite> <!-- cucumberRunner.TestNGTestRunner -->
