<?xml version="1.0" encoding="UTF-8"?>
<!-- Generated by org.testng.reporters.JUnitReportReporter -->
<testsuite hostname="del1-lhp-n78160" failures="0" tests="8" name="Odyssey.CucumberTestNG.HomePageTest" time="143.620" errors="0" timestamp="2022-12-24T21:03:23 IST" skipped="0">
  <testcase classname="Odyssey.CucumberTestNG.HomePageTest" name="bookSearch" time="33.848"/>
  <system-out/>
  <testcase classname="Odyssey.CucumberTestNG.HomePageTest" name="addToCart" time="19.490"/>
  <system-out/>
  <testcase classname="Odyssey.CucumberTestNG.HomePageTest" name="accountCreation" time="18.382"/>
  <system-out/>
  <testcase classname="Odyssey.CucumberTestNG.HomePageTest" name="storeLocation" time="12.773"/>
  <system-out/>
  <testcase classname="Odyssey.CucumberTestNG.HomePageTest" name="contactUs" time="13.824"/>
  <system-out/>
  <testcase classname="Odyssey.CucumberTestNG.HomePageTest" name="returnAndRefund" time="13.641"/>
  <system-out/>
  <testcase classname="Odyssey.CucumberTestNG.HomePageTest" name="termOfService" time="15.036"/>
  <system-out/>
  <testcase classname="Odyssey.CucumberTestNG.HomePageTest" name="nonReturnableItems" time="16.626"/>
  <system-out/>
</testsuite> <!-- Odyssey.CucumberTestNG.HomePageTest -->
